<?xml version="1.0" encoding="UTF-8"?>
<!-- Generated by org.testng.reporters.JUnitReportReporter -->
<testsuite hostname="Ruttu" failures="0" tests="1" name="TestRunner.TestRunner$CucumberTest" time="212.733" errors="0" timestamp="2024-10-01T11:30:59 IST" skipped="0">
  <testcase classname="TestRunner.TestRunner$CucumberTest" name="runScenario" time="212.733"/>
</testsuite> <!-- TestRunner.TestRunner$CucumberTest -->
