<?xml version="1.0" encoding="UTF-8"?>
<!-- Generated by org.testng.reporters.JUnitReportReporter -->
<testsuite hostname="soc-5CG21221ZG" failures="0" tests="3" name="TestRunner.TestRunnerParallelFeatureFile$CucumberTest" time="223.922" errors="0" timestamp="2024-09-23T17:22:43 IST" skipped="0">
  <testcase classname="TestRunner.TestRunnerParallelFeatureFile$CucumberTest" name="runScenario" time="76.935"/>
  <testcase classname="TestRunner.TestRunnerParallelFeatureFile$CucumberTest" name="runScenario" time="74.435"/>
  <testcase classname="TestRunner.TestRunnerParallelFeatureFile$CucumberTest" name="runScenario" time="72.552"/>
</testsuite> <!-- TestRunner.TestRunnerParallelFeatureFile$CucumberTest -->
