<?xml version="1.0" encoding="UTF-8"?>
<!-- Generated by org.testng.reporters.JUnitReportReporter -->
<testsuite hostname="soc-5CG21221ZG" failures="0" tests="4" name="TestRunner.TestRunner$CucumberTest" time="0.195" errors="0" timestamp="2024-08-11T21:27:50 IST" skipped="0">
  <testcase classname="TestRunner.TestRunner$CucumberTest" name="runScenario" time="0.145"/>
  <testcase classname="TestRunner.TestRunner$CucumberTest" name="runScenario" time="0.016"/>
  <testcase classname="TestRunner.TestRunner$CucumberTest" name="runScenario" time="0.019"/>
  <testcase classname="TestRunner.TestRunner$CucumberTest" name="runScenario" time="0.015"/>
</testsuite> <!-- TestRunner.TestRunner$CucumberTest -->
