<?xml version="1.0" encoding="UTF-8"?>
<!-- Generated by org.testng.reporters.JUnitReportReporter -->
<testsuite hostname="soc-5CG21221ZG" failures="0" tests="1" name="TestRunner.TestRunner$CucumberTest" time="37.389" errors="0" timestamp="2024-08-06T17:15:19 IST" skipped="0">
  <testcase classname="TestRunner.TestRunner$CucumberTest" name="runScenario" time="37.389"/>
</testsuite> <!-- TestRunner.TestRunner$CucumberTest -->
