<?xml version="1.0" encoding="UTF-8"?>
<!-- Generated by org.testng.reporters.JUnitReportReporter -->
<testsuite hostname="soc-5CG21221ZG" failures="0" tests="1" name="TestRunner.TestRunner$CucumberTest" time="87.140" errors="0" timestamp="2024-09-24T16:27:45 IST" skipped="0">
  <testcase classname="TestRunner.TestRunner$CucumberTest" name="runScenario" time="87.140"/>
</testsuite> <!-- TestRunner.TestRunner$CucumberTest -->
